# RNA-2Di_avg
# Background (precomputed optional): 0.0604678 0.0767413 0.0617212 0.0541858 0.0576060 0.0515999 0.0741515 0.0581637 0.0627326 0.0644474 0.0652446 0.0579265 0.0654927 0.0651079 0.0452686 0.0791425 0.0000001 0.0000001 0.0000001 0.0000001 0.0000001 0.0000001 0.0000001 0.0000001 0.0000001
# Lambda     (precomputed optional): 0.346574
   A       C       D       E       F       G       H       I       K       L       M       N       P       Q       R       S       T       V       W       Y       B       J       O       U       X
A  5.5528 -4.1589 -4.4319 -4.6490 -1.4320  1.1504 -4.4427  1.4727 -3.6078 -4.0647 -1.1220 -0.6745 -1.3422 -1.6611 -3.8229 -3.1154 -2.1836 -3.3236  1.1403 -3.2204 -3.5904  1.1492 -3.4181 -1.7279 -1.0000
C -4.1589  5.4174 -0.8784  0.2312 -4.8119 -0.5261 -2.9150 -3.1343 -3.7149  0.5733  0.1813 -3.2443 -3.1708  0.3949 -3.7497 -1.8700  1.4649 -3.2887 -2.5707 -1.9495  1.2379 -3.1853 -2.3155 -2.0811 -1.0000
D -4.4319 -0.8784  5.6685  0.9820 -1.2290 -3.3751 -1.6511 -4.0129 -0.1785 -3.6409 -1.9964 -2.3339 -4.2574 -2.8446  1.1451 -1.8819 -2.6847  1.3515 -3.6746 -1.2212  0.9439 -2.8425 -2.1011 -2.2295 -1.0000
E -4.6490  0.2312  0.9820  5.9491 -3.5744 -2.7810  0.7112 -3.0941 -2.2105 -2.6747 -1.1312 -0.7837 -3.9833 -1.4103 -1.9746  0.4474 -1.6587 -1.6944 -3.2144  1.5810  1.5078 -2.9470 -1.9803 -1.5669 -1.0000
F -1.4320 -4.8119 -1.2290 -3.5744  5.9117 -1.3645 -3.6093 -3.8638  1.1112 -5.3823 -5.2249  1.2257 -4.8305 -3.5302 -0.4136 -1.9268 -3.7722  1.3451 -3.8378 -1.9712 -3.7100  1.0852 -3.5589 -2.0524 -1.0000
G  1.1504 -0.5261 -3.3751 -2.7810 -1.3645  5.9211 -3.9056 -1.4677 -3.0109 -1.4942 -3.0202 -0.2062 -4.0906  1.3935 -3.8984 -2.2111  1.3236 -2.9122 -1.8570 -2.2760 -2.4256  1.3752 -3.3472 -1.3241 -1.0000
H -4.4427 -2.9150 -1.6511  0.7112 -3.6093 -3.9056  5.6150 -3.7123 -2.8620 -0.6841 -3.3243 -1.4605 -1.7323 -2.8587  1.1792 -0.6232 -2.5909 -1.7358 -3.3029  1.0606 -1.7948 -3.3545  1.0945 -2.5141 -1.0000
I  1.4727 -3.1343 -4.0129 -3.0941 -3.8638 -1.4677 -3.7123  5.7301 -1.8052 -3.4169 -0.3252 -2.6036 -1.2308  0.8902 -3.7425 -0.9009 -1.7822 -3.3561  1.4117 -2.5777 -2.6416 -1.6156 -3.0256  0.9786 -1.0000
K -3.6078 -3.7149 -0.1785 -2.2105  1.1112 -3.0109 -2.8620 -1.8052  5.8541 -4.6239 -4.3675 -0.8411 -4.9722 -1.1332 -0.5787  1.1074 -3.1207  1.5520 -3.6882 -1.2015 -2.6178 -1.5872 -3.2592  1.0058 -1.0000
L -4.0647  0.5733 -3.6409 -2.6747 -5.3823 -1.4942 -0.6841 -3.4169 -4.6239  5.8582 -1.9946 -4.3482  0.3907 -0.8632 -1.4731 -3.3839  1.0185 -3.7800 -2.2714 -2.7727 -1.9342 -3.8223  1.0229 -3.0720 -1.0000
M -1.1220  0.1813 -1.9964 -1.1312 -5.2249 -3.0202 -3.3243 -0.3252 -4.3675 -1.9946  5.8350 -4.1947  0.8775 -2.4974 -3.6441 -3.1427 -1.8327 -3.8082  1.3163 -2.9482  0.7222 -3.3905 -2.0214 -2.5832 -1.0000
N -0.6745 -3.2443 -2.3339 -0.7837  1.2257 -0.2062 -1.4605 -2.6036 -0.8411 -4.3482 -4.1947  5.6881 -5.0200 -2.0183 -2.3516  1.1041 -2.4543 -1.0752 -3.1232  1.1370 -2.6391  1.5083 -3.2951 -1.0897 -1.0000
P -1.3422 -3.1708 -4.2574 -3.9833 -4.8305 -4.0906 -1.7323 -1.2308 -4.9722  0.3907  0.8775 -5.0200  5.6914 -3.7518 -0.8936 -4.4786 -2.6556 -3.7384  0.9990 -3.8035 -2.6335 -3.8208  0.8640 -3.6083 -1.0000
Q -1.6611  0.3949 -2.8446 -1.4103 -3.5302  1.3935 -2.8587  0.8902 -1.1332 -0.8632 -2.4974 -2.0183 -3.7518  5.4472 -3.8680  0.2685  1.5931 -2.8440 -1.7550 -1.5047 -1.5894 -1.4540 -2.8354  1.3682 -1.0000
R -3.8229 -3.7497  1.1451 -1.9746 -0.4136 -3.8984  1.1792 -3.7425 -0.5787 -1.4731 -3.6441 -2.3516 -0.8936 -3.8680  5.6784 -2.6014 -3.2473  1.4578 -3.0258 -1.4371 -2.0558 -2.6216  1.1227 -2.6976 -1.0000
S -3.1154 -1.8700 -1.8819  0.4474 -1.9268 -2.2111 -0.6232 -0.9009  1.1074 -3.3839 -3.1427  1.1041 -4.4786  0.2685 -2.6014  5.3092 -1.7991 -1.3257 -2.9094  1.5594 -1.6118 -1.5373 -2.7718  1.4460 -1.0000
T -2.1836  1.4649 -2.6847 -1.6587 -3.7722  1.3236 -2.5909 -1.7822 -3.1207  1.0185 -1.8327 -2.4543 -2.6556  1.5931 -3.2473 -1.7991  1.3500 -3.2063 -2.1135 -2.1257 -1.1778 -1.7716 -1.8688 -1.2772 -1.0000
V -3.3236 -3.2887  1.3515 -1.6944  1.3451 -2.9122 -1.7358 -3.3561  1.5520 -3.7800 -3.8082 -1.0752 -3.7384 -2.8440  1.4578 -1.3257 -3.2063  1.4266 -3.5566 -1.4578 -1.8599 -1.4915 -1.9491 -1.4934 -1.0000
W  1.1403 -2.5707 -3.6746 -3.2144 -3.8378 -1.8570 -3.3029  1.4117 -3.6882 -2.2714  1.3163 -3.1232  0.9990 -1.7550 -3.0258 -2.9094 -2.1135 -3.5566  1.2168 -3.1375 -2.0359 -1.9194 -1.9003 -1.7352 -1.0000
Y -3.2204 -1.9495 -1.2212  1.5810 -1.9712 -2.2760  1.0606 -2.5777 -1.2015 -2.7727 -2.9482  1.1370 -3.8035 -1.5047 -1.4371  1.5594 -2.1257 -1.4578 -3.1375  1.3345 -1.1345 -1.5826 -1.7382 -0.9311 -1.0000
B -3.5904  1.2379  0.9439  1.5078 -3.7100 -2.4256 -1.7948 -2.6416 -2.6178 -1.9342  0.7222 -2.6391 -2.6335 -1.5894 -2.0558 -1.6118 -1.1778 -1.8599 -2.0359 -1.1345  1.1029 -3.0913 -2.1046 -2.1152 -1.0000
J  1.1492 -3.1853 -2.8425 -2.9470  1.0852  1.3752 -3.3545 -1.6156 -1.5872 -3.8223 -3.3905  1.5083 -3.8208 -1.4540 -2.6216 -1.5373 -1.7716 -1.4915 -1.9194 -1.5826 -3.0913  1.2795 -3.4048 -1.5485 -1.0000
O -3.4181 -2.3155 -2.1011 -1.9803 -3.5589 -3.3472  1.0945 -3.0256 -3.2592  1.0229 -2.0214 -3.2951  0.8640 -2.8354  1.1227 -2.7718 -1.8688 -1.9491 -1.9003 -1.7382 -2.1046 -3.4048  1.0260 -2.9730 -1.0000
U -1.7279 -2.0811 -2.2295 -1.5669 -2.0524 -1.3241 -2.5141  0.9786  1.0058 -3.0720 -2.5832 -1.0897 -3.6083  1.3682 -2.6976  1.4460 -1.2772 -1.4934 -1.7352 -0.9311 -2.1152 -1.5485 -2.9730  1.1996 -1.0000
X -1.0000 -1.0000 -1.0000 -1.0000 -1.0000 -1.0000 -1.0000 -1.0000 -1.0000 -1.0000 -1.0000 -1.0000 -1.0000 -1.0000 -1.0000 -1.0000 -1.0000 -1.0000 -1.0000 -1.0000 -1.0000 -1.0000 -1.0000 -1.0000 -1.0000
